Arguments: 
  C:\Program Files\nodejs\node.exe C:\Users\livia\AppData\Roaming\npm\node_modules\yarn\bin\yarn.js add expo

PATH: 
  C:\Users\livia\bin;C:\Program Files\Git\mingw64\bin;C:\Program Files\Git\usr\local\bin;C:\Program Files\Git\usr\bin;C:\Program Files\Git\usr\bin;C:\Program Files\Git\mingw64\bin;C:\Program Files\Git\usr\bin;C:\Users\livia\bin;C:\Program Files (x86)\Common Files\Intel\Shared Libraries\redist\intel64_win\compiler;C:\Program Files (x86)\Common Files\Oracle\Java\javapath;C:\ProgramData\Oracle\Java\javapath;C:\WINDOWS\system32;C:\WINDOWS;C:\WINDOWS\System32\Wbem;C:\WINDOWS\System32\WindowsPowerShell\v1.0;C:\WINDOWS\System32\OpenSSH;C:\Program Files\Git\cmd;C:\xampp\php;C:\Program Files\nodejs;D:\src\platform-tools;C:\ProgramData\chocolatey\bin;C:\Program Files\Java\jdk1.8.0_351\bin;C:\Program Files\Docker\Docker\resources\bin;C:\Users\livia\AppData\Local\Microsoft\WindowsApps;C:\Program Files\Java\jdk-18.0.2\bin;C:\MinGW\msys\1.0\bin;C:\MinGW\bin;C:\Users\livia\AppData\Local\Pub\Cache\bin;C:\Users\livia\AppData\Roaming\npm;C:\Program Files\heroku\bin;D:\src\flutters\flutter\bin;C:\Users\livia\AppData\Local\ComposerSetup\bin;C:\Users\livia\AppData\Roaming\Composer\vendor\bin;C:\Users\livia\AppData\Local\Microsoft\WindowsApps;C:\Users\livia\AppData\Local\Programs\Microsoft VS Code\bin;C:\Program Files\Git\usr\bin\vendor_perl;C:\Program Files\Git\usr\bin\core_perl

Yarn version: 
  1.22.19

Node version: 
  16.17.0

Platform: 
  win32 x64

Trace: 
  Error: EPERM: operation not permitted, copyfile 'C:\Users\livia\AppData\Local\Yarn\Cache\v6\npm-ansi-styles-3.2.1-41fbb20243e50b12be0f04b8dedbf07520ce841d-integrity\node_modules\ansi-styles\license' -> 'C:\digital-wallet\digital-wallet-app\node_modules\@expo\cli\node_modules\ansi-styles\license'

npm manifest: 
  {
    "name": "point-app",
    "version": "1.0.0",
    "main": "node_modules/expo/AppEntry.js",
    "scripts": {
      "start": "expo start",
      "android": "expo start --android",
      "ios": "expo start --ios",
      "web": "expo start --web"
    },
    "dependencies": {
      "@react-navigation/native": "^6.1.2",
      "@react-navigation/native-stack": "^6.9.8",
      "@tanstack/react-query": "^4.28.0",
      "expo": "~47.0.12",
      "expo-status-bar": "~1.4.2",
      "native-base": "^3.4.25",
      "react": "18.1.0",
      "react-dom": "18.1.0",
      "react-hook-form": "^7.42.1",
      "react-native": "0.70.5",
      "react-native-safe-area-context": "4.4.1",
      "react-native-screens": "~3.18.0",
      "react-native-svg": "13.4.0",
      "react-native-web": "~0.18.9",
      "zod": "^3.21.4"
    },
    "devDependencies": {
      "@babel/core": "^7.12.9",
      "@types/axios": "^0.14.0",
      "@types/react": "~18.0.24",
      "@types/react-native": "~0.70.6",
      "@typescript-eslint/eslint-plugin": "^5.49.0",
      "@typescript-eslint/parser": "^5.49.0",
      "eslint": "^8.32.0",
      "eslint-config-airbnb": "^19.0.4",
      "eslint-config-prettier": "^8.6.0",
      "eslint-plugin-import": "^2.27.5",
      "eslint-plugin-jsx-a11y": "^6.7.1",
      "eslint-plugin-react": "^7.32.1",
      "eslint-plugin-react-hooks": "^4.6.0",
      "eslint-plugin-react-native": "^4.0.0",
      "typescript": "^4.6.3"
    },
    "private": true
  }

yarn manifest: 
  No manifest

Lockfile: 
  No lockfile
